{"numFailedTestSuites":0,"numFailedTests":0,"numPassedTestSuites":7,"numPassedTests":171,"numPendingTestSuites":0,"numPendingTests":0,"numRuntimeErrorTestSuites":0,"numTodoTests":0,"numTotalTestSuites":7,"numTotalTests":171,"openHandles":[],"snapshot":{"added":0,"didUpdate":false,"failure":false,"filesAdded":0,"filesRemoved":0,"filesRemovedList":[],"filesUnmatched":0,"filesUpdated":0,"matched":0,"total":0,"unchecked":0,"uncheckedKeysByFile":[],"unmatched":0,"updated":0},"startTime":1776331478617,"success":true,"testResults":[{"assertionResults":[{"ancestorTitles":["Sign-in page – rendering"],"duration":662,"failing":false,"failureDetails":[],"failureMessages":[],"fullName":"Sign-in page – rendering renders the brand logo","invocations":1,"location":null,"numPassingAsserts":1,"retryReasons":[],"startAt":1776331485408,"status":"passed","title":"renders the brand logo"},{"ancestorTitles":["Sign-in page – rendering"],"duration":87,"failing":false,"failureDetails":[],"failureMessages":[],"fullName":"Sign-in page – rendering renders \"Luxury Fragrances\" sub-label","invocations":1,"location":null,"numPassingAsserts":1,"retryReasons":[],"startAt":1776331486073,"status":"passed","title":"renders \"Luxury Fragrances\" sub-label"},{"ancestorTitles":["Sign-in page – rendering"],"duration":169,"failing":false,"failureDetails":[],"failureMessages":[],"fullName":"Sign-in page – rendering renders Sign In tab","invocations":1,"location":null,"numPassingAsserts":1,"retryReasons":[],"startAt":1776331486161,"status":"passed","title":"renders Sign In tab"},{"ancestorTitles":["Sign-in page – rendering"],"duration":100,"failing":false,"failureDetails":[],"failureMessages":[],"fullName":"Sign-in page – rendering renders Sign Up tab","invocations":1,"location":null,"numPassingAsserts":1,"retryReasons":[],"startAt":1776331486331,"status":"passed","title":"renders Sign Up tab"},{"ancestorTitles":["Sign-in page – rendering"],"duration":106,"failing":false,"failureDetails":[],"failureMessages":[],"fullName":"Sign-in page – rendering shows \"Welcome back\" heading by default","invocations":1,"location":null,"numPassingAsserts":1,"retryReasons":[],"startAt":1776331486432,"status":"passed","title":"shows \"Welcome back\" heading by default"},{"ancestorTitles":["Sign-in page – rendering"],"duration":77,"failing":false,"failureDetails":[],"failureMessages":[],"fullName":"Sign-in page – rendering renders Email Address input on sign-in tab","invocations":1,"location":null,"numPassingAsserts":1,"retryReasons":[],"startAt":1776331486539,"status":"passed","title":"renders Email Address input on sign-in tab"},{"ancestorTitles":["Sign-in page – rendering"],"duration":78,"failing":false,"failureDetails":[],"failureMessages":[],"fullName":"Sign-in page – rendering renders Password input","invocations":1,"location":null,"numPassingAsserts":1,"retryReasons":[],"startAt":1776331486617,"status":"passed","title":"renders Password input"},{"ancestorTitles":["Sign-in page – rendering"],"duration":66,"failing":false,"failureDetails":[],"failureMessages":[],"fullName":"Sign-in page – rendering renders Forgot password link","invocations":1,"location":null,"numPassingAsserts":1,"retryReasons":[],"startAt":1776331486695,"status":"passed","title":"renders Forgot password link"},{"ancestorTitles":["Sign-in page – rendering"],"duration":58,"failing":false,"failureDetails":[],"failureMessages":[],"fullName":"Sign-in page – rendering renders Google sign-in button","invocations":1,"location":null,"numPassingAsserts":1,"retryReasons":[],"startAt":1776331486762,"status":"passed","title":"renders Google sign-in button"},{"ancestorTitles":["Sign-in page – tab switching"],"duration":457,"failing":false,"failureDetails":[],"failureMessages":[],"fullName":"Sign-in page – tab switching clicking Sign Up tab shows \"Create account\" heading","invocations":1,"location":null,"numPassingAsserts":1,"retryReasons":[],"startAt":1776331486821,"status":"passed","title":"clicking Sign Up tab shows \"Create account\" heading"},{"ancestorTitles":["Sign-in page – tab switching"],"duration":400,"failing":false,"failureDetails":[],"failureMessages":[],"fullName":"Sign-in page – tab switching clicking Sign Up tab reveals Full Name input","invocations":1,"location":null,"numPassingAsserts":1,"retryReasons":[],"startAt":1776331487278,"status":"passed","title":"clicking Sign Up tab reveals Full Name input"},{"ancestorTitles":["Sign-in page – tab switching"],"duration":199,"failing":false,"failureDetails":[],"failureMessages":[],"fullName":"Sign-in page – tab switching clicking Sign Up tab shows Google sign-up button","invocations":1,"location":null,"numPassingAsserts":1,"retryReasons":[],"startAt":1776331487678,"status":"passed","title":"clicking Sign Up tab shows Google sign-up button"},{"ancestorTitles":["Sign-in page – form validation"],"duration":216,"failing":false,"failureDetails":[],"failureMessages":[],"fullName":"Sign-in page – form validation shows \"Email is required\" on empty submit","invocations":1,"location":null,"numPassingAsserts":1,"retryReasons":[],"startAt":1776331487877,"status":"passed","title":"shows \"Email is required\" on empty submit"},{"ancestorTitles":["Sign-in page – form validation"],"duration":185,"failing":false,"failureDetails":[],"failureMessages":[],"fullName":"Sign-in page – form validation shows \"Password is required\" on empty submit","invocations":1,"location":null,"numPassingAsserts":1,"retryReasons":[],"startAt":1776331488093,"status":"passed","title":"shows \"Password is required\" on empty submit"},{"ancestorTitles":["Sign-in page – form validation"],"duration":101,"failing":false,"failureDetails":[],"failureMessages":[],"fullName":"Sign-in page – form validation shows \"Invalid email\" for bad email format","invocations":1,"location":null,"numPassingAsserts":1,"retryReasons":[],"startAt":1776331488279,"status":"passed","title":"shows \"Invalid email\" for bad email format"},{"ancestorTitles":["Sign-in page – form validation"],"duration":132,"failing":false,"failureDetails":[],"failureMessages":[],"fullName":"Sign-in page – form validation shows \"Minimum 6 characters\" for short password","invocations":1,"location":null,"numPassingAsserts":1,"retryReasons":[],"startAt":1776331488381,"status":"passed","title":"shows \"Minimum 6 characters\" for short password"},{"ancestorTitles":["Sign-in page – form validation"],"duration":233,"failing":false,"failureDetails":[],"failureMessages":[],"fullName":"Sign-in page – form validation does NOT call handleLogin when form is invalid","invocations":1,"location":null,"numPassingAsserts":1,"retryReasons":[],"startAt":1776331488514,"status":"passed","title":"does NOT call handleLogin when form is invalid"},{"ancestorTitles":["Sign-in page – sign-up validation"],"duration":1368,"failing":false,"failureDetails":[],"failureMessages":[],"fullName":"Sign-in page – sign-up validation shows \"Name is required\" when name is empty","invocations":1,"location":null,"numPassingAsserts":1,"retryReasons":[],"startAt":1776331488752,"status":"passed","title":"shows \"Name is required\" when name is empty"},{"ancestorTitles":["Sign-in page – sign-up validation"],"duration":1012,"failing":false,"failureDetails":[],"failureMessages":[],"fullName":"Sign-in page – sign-up validation does NOT call handleSignUp when name is missing","invocations":1,"location":null,"numPassingAsserts":1,"retryReasons":[],"startAt":1776331490121,"status":"passed","title":"does NOT call handleSignUp when name is missing"},{"ancestorTitles":["Sign-in page – password visibility toggle"],"duration":41,"failing":false,"failureDetails":[],"failureMessages":[],"fullName":"Sign-in page – password visibility toggle password input type is \"password\" by default","invocations":1,"location":null,"numPassingAsserts":1,"retryReasons":[],"startAt":1776331491134,"status":"passed","title":"password input type is \"password\" by default"},{"ancestorTitles":["Sign-in page – password visibility toggle"],"duration":147,"failing":false,"failureDetails":[],"failureMessages":[],"fullName":"Sign-in page – password visibility toggle clicking the toggle button shows the password (type becomes \"text\")","invocations":1,"location":null,"numPassingAsserts":1,"retryReasons":[],"startAt":1776331491176,"status":"passed","title":"clicking the toggle button shows the password (type becomes \"text\")"},{"ancestorTitles":["Sign-in page – password visibility toggle"],"duration":303,"failing":false,"failureDetails":[],"failureMessages":[],"fullName":"Sign-in page – password visibility toggle clicking toggle twice hides password again","invocations":1,"location":null,"numPassingAsserts":1,"retryReasons":[],"startAt":1776331491324,"status":"passed","title":"clicking toggle twice hides password again"},{"ancestorTitles":["Sign-in page – form submission"],"duration":693,"failing":false,"failureDetails":[],"failureMessages":[],"fullName":"Sign-in page – form submission calls handleLogin with email and password","invocations":1,"location":null,"numPassingAsserts":1,"retryReasons":[],"startAt":1776331491628,"status":"passed","title":"calls handleLogin with email and password"},{"ancestorTitles":["Sign-in page – form submission"],"duration":1011,"failing":false,"failureDetails":[],"failureMessages":[],"fullName":"Sign-in page – form submission calls handleSignUp with name, email, password","invocations":1,"location":null,"numPassingAsserts":1,"retryReasons":[],"startAt":1776331492322,"status":"passed","title":"calls handleSignUp with name, email, password"}],"endTime":1776331493339,"message":"","name":"F:\\Coding\\Aliyan Website\\perfume-website\\src\\__tests__\\components\\SignIn.test.jsx","startTime":1776331481383,"status":"passed","summary":""},{"assertionResults":[{"ancestorTitles":["Cart – empty state"],"duration":61,"failing":false,"failureDetails":[],"failureMessages":[],"fullName":"Cart – empty state shows empty-cart heading when cart is empty","invocations":1,"location":null,"numPassingAsserts":1,"retryReasons":[],"startAt":1776331494383,"status":"passed","title":"shows empty-cart heading when cart is empty"},{"ancestorTitles":["Cart – empty state"],"duration":133,"failing":false,"failureDetails":[],"failureMessages":[],"fullName":"Cart – empty state shows Shop Now link when cart is empty","invocations":1,"location":null,"numPassingAsserts":1,"retryReasons":[],"startAt":1776331494444,"status":"passed","title":"shows Shop Now link when cart is empty"},{"ancestorTitles":["Cart – empty state"],"duration":14,"failing":false,"failureDetails":[],"failureMessages":[],"fullName":"Cart – empty state does not render the item list when cart is empty","invocations":1,"location":null,"numPassingAsserts":1,"retryReasons":[],"startAt":1776331494577,"status":"passed","title":"does not render the item list when cart is empty"},{"ancestorTitles":["Cart – item list"],"duration":160,"failing":false,"failureDetails":[],"failureMessages":[],"fullName":"Cart – item list renders item name","invocations":1,"location":null,"numPassingAsserts":1,"retryReasons":[],"startAt":1776331494592,"status":"passed","title":"renders item name"},{"ancestorTitles":["Cart – item list"],"duration":89,"failing":false,"failureDetails":[],"failureMessages":[],"fullName":"Cart – item list renders item volume","invocations":1,"location":null,"numPassingAsserts":1,"retryReasons":[],"startAt":1776331494752,"status":"passed","title":"renders item volume"},{"ancestorTitles":["Cart – item list"],"duration":135,"failing":false,"failureDetails":[],"failureMessages":[],"fullName":"Cart – item list renders Shopping Cart heading","invocations":1,"location":null,"numPassingAsserts":1,"retryReasons":[],"startAt":1776331494841,"status":"passed","title":"renders Shopping Cart heading"},{"ancestorTitles":["Cart – item list"],"duration":47,"failing":false,"failureDetails":[],"failureMessages":[],"fullName":"Cart – item list shows correct item count in header","invocations":1,"location":null,"numPassingAsserts":1,"retryReasons":[],"startAt":1776331494977,"status":"passed","title":"shows correct item count in header"},{"ancestorTitles":["Cart – item list"],"duration":69,"failing":false,"failureDetails":[],"failureMessages":[],"fullName":"Cart – item list shows plural \"items\" for multiple entries","invocations":1,"location":null,"numPassingAsserts":1,"retryReasons":[],"startAt":1776331495024,"status":"passed","title":"shows plural \"items\" for multiple entries"},{"ancestorTitles":["Cart – item list"],"duration":48,"failing":false,"failureDetails":[],"failureMessages":[],"fullName":"Cart – item list calls removeFromCart with correct id when trash clicked","invocations":1,"location":null,"numPassingAsserts":1,"retryReasons":[],"startAt":1776331495093,"status":"passed","title":"calls removeFromCart with correct id when trash clicked"},{"ancestorTitles":["Cart – item list"],"duration":141,"failing":false,"failureDetails":[],"failureMessages":[],"fullName":"Cart – item list calls updateCartQuantity +1 when plus button clicked","invocations":1,"location":null,"numPassingAsserts":1,"retryReasons":[],"startAt":1776331495141,"status":"passed","title":"calls updateCartQuantity +1 when plus button clicked"},{"ancestorTitles":["Cart – item list"],"duration":42,"failing":false,"failureDetails":[],"failureMessages":[],"fullName":"Cart – item list calls updateCartQuantity -1 when minus button clicked","invocations":1,"location":null,"numPassingAsserts":1,"retryReasons":[],"startAt":1776331495282,"status":"passed","title":"calls updateCartQuantity -1 when minus button clicked"},{"ancestorTitles":["Cart – coupon codes"],"duration":79,"failing":false,"failureDetails":[],"failureMessages":[],"fullName":"Cart – coupon codes renders coupon input and Apply button","invocations":1,"location":null,"numPassingAsserts":2,"retryReasons":[],"startAt":1776331495324,"status":"passed","title":"renders coupon input and Apply button"},{"ancestorTitles":["Cart – coupon codes"],"duration":35,"failing":false,"failureDetails":[],"failureMessages":[],"fullName":"Cart – coupon codes shows hint text listing available coupons","invocations":1,"location":null,"numPassingAsserts":1,"retryReasons":[],"startAt":1776331495403,"status":"passed","title":"shows hint text listing available coupons"},{"ancestorTitles":["Cart – coupon codes"],"duration":466,"failing":false,"failureDetails":[],"failureMessages":[],"fullName":"Cart – coupon codes applies WELCOME20 coupon (20% off)","invocations":1,"location":null,"numPassingAsserts":1,"retryReasons":[],"startAt":1776331495438,"status":"passed","title":"applies WELCOME20 coupon (20% off)"},{"ancestorTitles":["Cart – coupon codes"],"duration":402,"failing":false,"failureDetails":[],"failureMessages":[],"fullName":"Cart – coupon codes applies SAVE10 coupon (10% off)","invocations":1,"location":null,"numPassingAsserts":1,"retryReasons":[],"startAt":1776331495904,"status":"passed","title":"applies SAVE10 coupon (10% off)"},{"ancestorTitles":["Cart – coupon codes"],"duration":259,"failing":false,"failureDetails":[],"failureMessages":[],"fullName":"Cart – coupon codes applies ASFF15 coupon (15% off)","invocations":1,"location":null,"numPassingAsserts":1,"retryReasons":[],"startAt":1776331496306,"status":"passed","title":"applies ASFF15 coupon (15% off)"},{"ancestorTitles":["Cart – coupon codes"],"duration":645,"failing":false,"failureDetails":[],"failureMessages":[],"fullName":"Cart – coupon codes shows error for invalid coupon code","invocations":1,"location":null,"numPassingAsserts":1,"retryReasons":[],"startAt":1776331496565,"status":"passed","title":"shows error for invalid coupon code"},{"ancestorTitles":["Cart – coupon codes"],"duration":432,"failing":false,"failureDetails":[],"failureMessages":[],"fullName":"Cart – coupon codes removes applied coupon when Remove is clicked","invocations":1,"location":null,"numPassingAsserts":2,"retryReasons":[],"startAt":1776331497210,"status":"passed","title":"removes applied coupon when Remove is clicked"},{"ancestorTitles":["Cart – coupon codes"],"duration":273,"failing":false,"failureDetails":[],"failureMessages":[],"fullName":"Cart – coupon codes applies coupon when Enter key is pressed in input","invocations":1,"location":null,"numPassingAsserts":1,"retryReasons":[],"startAt":1776331497642,"status":"passed","title":"applies coupon when Enter key is pressed in input"},{"ancestorTitles":["Cart – coupon codes"],"duration":508,"failing":false,"failureDetails":[],"failureMessages":[],"fullName":"Cart – coupon codes coupon input is case-insensitive","invocations":1,"location":null,"numPassingAsserts":1,"retryReasons":[],"startAt":1776331497915,"status":"passed","title":"coupon input is case-insensitive"},{"ancestorTitles":["Cart – order summary"],"duration":28,"failing":false,"failureDetails":[],"failureMessages":[],"fullName":"Cart – order summary shows subtotal heading","invocations":1,"location":null,"numPassingAsserts":1,"retryReasons":[],"startAt":1776331498424,"status":"passed","title":"shows subtotal heading"},{"ancestorTitles":["Cart – order summary"],"duration":33,"failing":false,"failureDetails":[],"failureMessages":[],"fullName":"Cart – order summary shows total heading","invocations":1,"location":null,"numPassingAsserts":1,"retryReasons":[],"startAt":1776331498453,"status":"passed","title":"shows total heading"},{"ancestorTitles":["Cart – order summary"],"duration":24,"failing":false,"failureDetails":[],"failureMessages":[],"fullName":"Cart – order summary shows shipping section","invocations":1,"location":null,"numPassingAsserts":1,"retryReasons":[],"startAt":1776331498487,"status":"passed","title":"shows shipping section"},{"ancestorTitles":["Cart – order summary"],"duration":328,"failing":false,"failureDetails":[],"failureMessages":[],"fullName":"Cart – order summary shows discount row after valid coupon applied","invocations":1,"location":null,"numPassingAsserts":2,"retryReasons":[],"startAt":1776331498511,"status":"passed","title":"shows discount row after valid coupon applied"},{"ancestorTitles":["Cart – order summary"],"duration":31,"failing":false,"failureDetails":[],"failureMessages":[],"fullName":"Cart – order summary hides discount row when no coupon applied","invocations":1,"location":null,"numPassingAsserts":1,"retryReasons":[],"startAt":1776331498839,"status":"passed","title":"hides discount row when no coupon applied"},{"ancestorTitles":["Cart – Place Order button"],"duration":28,"failing":false,"failureDetails":[],"failureMessages":[],"fullName":"Cart – Place Order button shows \"Sign In to Place Order\" when user not logged in","invocations":1,"location":null,"numPassingAsserts":1,"retryReasons":[],"startAt":1776331498870,"status":"passed","title":"shows \"Sign In to Place Order\" when user not logged in"},{"ancestorTitles":["Cart – Place Order button"],"duration":33,"failing":false,"failureDetails":[],"failureMessages":[],"fullName":"Cart – Place Order button shows \"Place Order · Rs\" with total when logged in","invocations":1,"location":null,"numPassingAsserts":1,"retryReasons":[],"startAt":1776331498898,"status":"passed","title":"shows \"Place Order · Rs\" with total when logged in"},{"ancestorTitles":["Cart – checkout form validation"],"duration":139,"failing":false,"failureDetails":[],"failureMessages":[],"fullName":"Cart – checkout form validation shows \"Full name is required\" when name is empty","invocations":1,"location":null,"numPassingAsserts":1,"retryReasons":[],"startAt":1776331498931,"status":"passed","title":"shows \"Full name is required\" when name is empty"},{"ancestorTitles":["Cart – checkout form validation"],"duration":179,"failing":false,"failureDetails":[],"failureMessages":[],"fullName":"Cart – checkout form validation shows \"Phone number is required\" when phone is empty","invocations":1,"location":null,"numPassingAsserts":1,"retryReasons":[],"startAt":1776331499070,"status":"passed","title":"shows \"Phone number is required\" when phone is empty"},{"ancestorTitles":["Cart – checkout form validation"],"duration":249,"failing":false,"failureDetails":[],"failureMessages":[],"fullName":"Cart – checkout form validation shows \"Address is required\" when address is empty","invocations":1,"location":null,"numPassingAsserts":1,"retryReasons":[],"startAt":1776331499272,"status":"passed","title":"shows \"Address is required\" when address is empty"},{"ancestorTitles":["Cart – checkout form validation"],"duration":200,"failing":false,"failureDetails":[],"failureMessages":[],"fullName":"Cart – checkout form validation shows \"City is required\" when city is empty","invocations":1,"location":null,"numPassingAsserts":1,"retryReasons":[],"startAt":1776331499521,"status":"passed","title":"shows \"City is required\" when city is empty"},{"ancestorTitles":["Cart – checkout form validation"],"duration":121,"failing":false,"failureDetails":[],"failureMessages":[],"fullName":"Cart – checkout form validation does NOT call addDoc when form is invalid","invocations":1,"location":null,"numPassingAsserts":1,"retryReasons":[],"startAt":1776331499721,"status":"passed","title":"does NOT call addDoc when form is invalid"}],"endTime":1776331499845,"message":"","name":"F:\\Coding\\Aliyan Website\\perfume-website\\src\\__tests__\\components\\Cart.test.jsx","startTime":1776331493405,"status":"passed","summary":""},{"assertionResults":[{"ancestorTitles":["AppContext – auth state"],"duration":62,"failing":false,"failureDetails":[],"failureMessages":[],"fullName":"AppContext – auth state user is null when not logged in","invocations":1,"location":null,"numPassingAsserts":2,"retryReasons":[],"startAt":1776331501057,"status":"passed","title":"user is null when not logged in"},{"ancestorTitles":["AppContext – auth state"],"duration":27,"failing":false,"failureDetails":[],"failureMessages":[],"fullName":"AppContext – auth state user is populated after Firebase auth resolves","invocations":1,"location":null,"numPassingAsserts":2,"retryReasons":[],"startAt":1776331501120,"status":"passed","title":"user is populated after Firebase auth resolves"},{"ancestorTitles":["AppContext – auth state"],"duration":37,"failing":false,"failureDetails":[],"failureMessages":[],"fullName":"AppContext – auth state loading starts true and becomes false after auth check","invocations":1,"location":null,"numPassingAsserts":1,"retryReasons":[],"startAt":1776331501148,"status":"passed","title":"loading starts true and becomes false after auth check"},{"ancestorTitles":["AppContext – cart (auth guard)"],"duration":34,"failing":false,"failureDetails":[],"failureMessages":[],"fullName":"AppContext – cart (auth guard) addToCart blocks unauthenticated user and shows toast","invocations":1,"location":null,"numPassingAsserts":3,"retryReasons":[],"startAt":1776331501185,"status":"passed","title":"addToCart blocks unauthenticated user and shows toast"},{"ancestorTitles":["AppContext – cart (CRUD)"],"duration":43,"failing":false,"failureDetails":[],"failureMessages":[],"fullName":"AppContext – cart (CRUD) addToCart adds a new item with quantity 1","invocations":1,"location":null,"numPassingAsserts":3,"retryReasons":[],"startAt":1776331501219,"status":"passed","title":"addToCart adds a new item with quantity 1"},{"ancestorTitles":["AppContext – cart (CRUD)"],"duration":44,"failing":false,"failureDetails":[],"failureMessages":[],"fullName":"AppContext – cart (CRUD) addToCart increments quantity for existing item","invocations":1,"location":null,"numPassingAsserts":3,"retryReasons":[],"startAt":1776331501263,"status":"passed","title":"addToCart increments quantity for existing item"},{"ancestorTitles":["AppContext – cart (CRUD)"],"duration":20,"failing":false,"failureDetails":[],"failureMessages":[],"fullName":"AppContext – cart (CRUD) addToCart shows success toast","invocations":1,"location":null,"numPassingAsserts":2,"retryReasons":[],"startAt":1776331501308,"status":"passed","title":"addToCart shows success toast"},{"ancestorTitles":["AppContext – cart (CRUD)"],"duration":35,"failing":false,"failureDetails":[],"failureMessages":[],"fullName":"AppContext – cart (CRUD) removeFromCart removes the correct item","invocations":1,"location":null,"numPassingAsserts":3,"retryReasons":[],"startAt":1776331501329,"status":"passed","title":"removeFromCart removes the correct item"},{"ancestorTitles":["AppContext – cart (CRUD)"],"duration":28,"failing":false,"failureDetails":[],"failureMessages":[],"fullName":"AppContext – cart (CRUD) updateCartQuantity changes item quantity","invocations":1,"location":null,"numPassingAsserts":2,"retryReasons":[],"startAt":1776331501364,"status":"passed","title":"updateCartQuantity changes item quantity"},{"ancestorTitles":["AppContext – cart (CRUD)"],"duration":35,"failing":false,"failureDetails":[],"failureMessages":[],"fullName":"AppContext – cart (CRUD) clearCart empties all items","invocations":1,"location":null,"numPassingAsserts":2,"retryReasons":[],"startAt":1776331501392,"status":"passed","title":"clearCart empties all items"},{"ancestorTitles":["AppContext – cart (CRUD)"],"duration":26,"failing":false,"failureDetails":[],"failureMessages":[],"fullName":"AppContext – cart (CRUD) cartCount reflects total quantity across all items","invocations":1,"location":null,"numPassingAsserts":2,"retryReasons":[],"startAt":1776331501427,"status":"passed","title":"cartCount reflects total quantity across all items"},{"ancestorTitles":["AppContext – cart (CRUD)"],"duration":31,"failing":false,"failureDetails":[],"failureMessages":[],"fullName":"AppContext – cart (CRUD) cart persists to localStorage after add","invocations":1,"location":null,"numPassingAsserts":3,"retryReasons":[],"startAt":1776331501453,"status":"passed","title":"cart persists to localStorage after add"},{"ancestorTitles":["AppContext – wishlist (auth guard)"],"duration":29,"failing":false,"failureDetails":[],"failureMessages":[],"fullName":"AppContext – wishlist (auth guard) toggleWishlist blocks unauthenticated user","invocations":1,"location":null,"numPassingAsserts":3,"retryReasons":[],"startAt":1776331501484,"status":"passed","title":"toggleWishlist blocks unauthenticated user"},{"ancestorTitles":["AppContext – wishlist (CRUD)"],"duration":29,"failing":false,"failureDetails":[],"failureMessages":[],"fullName":"AppContext – wishlist (CRUD) toggleWishlist adds product when not in wishlist","invocations":1,"location":null,"numPassingAsserts":3,"retryReasons":[],"startAt":1776331501513,"status":"passed","title":"toggleWishlist adds product when not in wishlist"},{"ancestorTitles":["AppContext – wishlist (CRUD)"],"duration":20,"failing":false,"failureDetails":[],"failureMessages":[],"fullName":"AppContext – wishlist (CRUD) toggleWishlist removes product on second click","invocations":1,"location":null,"numPassingAsserts":2,"retryReasons":[],"startAt":1776331501544,"status":"passed","title":"toggleWishlist removes product on second click"},{"ancestorTitles":["AppContext – wishlist (CRUD)"],"duration":28,"failing":false,"failureDetails":[],"failureMessages":[],"fullName":"AppContext – wishlist (CRUD) isInWishlist returns true after adding","invocations":1,"location":null,"numPassingAsserts":2,"retryReasons":[],"startAt":1776331501564,"status":"passed","title":"isInWishlist returns true after adding"},{"ancestorTitles":["AppContext – wishlist (CRUD)"],"duration":19,"failing":false,"failureDetails":[],"failureMessages":[],"fullName":"AppContext – wishlist (CRUD) isInWishlist returns false after removing","invocations":1,"location":null,"numPassingAsserts":2,"retryReasons":[],"startAt":1776331501592,"status":"passed","title":"isInWishlist returns false after removing"},{"ancestorTitles":["AppContext – wishlist (CRUD)"],"duration":26,"failing":false,"failureDetails":[],"failureMessages":[],"fullName":"AppContext – wishlist (CRUD) adding to wishlist shows success toast","invocations":1,"location":null,"numPassingAsserts":2,"retryReasons":[],"startAt":1776331501611,"status":"passed","title":"adding to wishlist shows success toast"},{"ancestorTitles":["AppContext – wishlist (CRUD)"],"duration":52,"failing":false,"failureDetails":[],"failureMessages":[],"fullName":"AppContext – wishlist (CRUD) removing from wishlist shows info toast","invocations":1,"location":null,"numPassingAsserts":2,"retryReasons":[],"startAt":1776331501638,"status":"passed","title":"removing from wishlist shows info toast"},{"ancestorTitles":["AppContext – wishlist (CRUD)"],"duration":36,"failing":false,"failureDetails":[],"failureMessages":[],"fullName":"AppContext – wishlist (CRUD) wishlistCount reflects number of items","invocations":1,"location":null,"numPassingAsserts":2,"retryReasons":[],"startAt":1776331501690,"status":"passed","title":"wishlistCount reflects number of items"},{"ancestorTitles":["AppContext – wishlist (CRUD)"],"duration":20,"failing":false,"failureDetails":[],"failureMessages":[],"fullName":"AppContext – wishlist (CRUD) wishlist persists to localStorage","invocations":1,"location":null,"numPassingAsserts":3,"retryReasons":[],"startAt":1776331501726,"status":"passed","title":"wishlist persists to localStorage"}],"endTime":1776331501750,"message":"","name":"F:\\Coding\\Aliyan Website\\perfume-website\\src\\__tests__\\context\\AppContext.test.jsx","startTime":1776331499883,"status":"passed","summary":""},{"assertionResults":[{"ancestorTitles":["Wishlist – empty state"],"duration":20,"failing":false,"failureDetails":[],"failureMessages":[],"fullName":"Wishlist – empty state shows \"Your wishlist is empty\" heading","invocations":1,"location":null,"numPassingAsserts":1,"retryReasons":[],"startAt":1776331502593,"status":"passed","title":"shows \"Your wishlist is empty\" heading"},{"ancestorTitles":["Wishlist – empty state"],"duration":28,"failing":false,"failureDetails":[],"failureMessages":[],"fullName":"Wishlist – empty state shows \"Explore Perfumes\" CTA link","invocations":1,"location":null,"numPassingAsserts":1,"retryReasons":[],"startAt":1776331502613,"status":"passed","title":"shows \"Explore Perfumes\" CTA link"},{"ancestorTitles":["Wishlist – empty state"],"duration":15,"failing":false,"failureDetails":[],"failureMessages":[],"fullName":"Wishlist – empty state does NOT render item names when empty","invocations":1,"location":null,"numPassingAsserts":1,"retryReasons":[],"startAt":1776331502641,"status":"passed","title":"does NOT render item names when empty"},{"ancestorTitles":["Wishlist – item list"],"duration":41,"failing":false,"failureDetails":[],"failureMessages":[],"fullName":"Wishlist – item list renders all item names","invocations":1,"location":null,"numPassingAsserts":2,"retryReasons":[],"startAt":1776331502656,"status":"passed","title":"renders all item names"},{"ancestorTitles":["Wishlist – item list"],"duration":24,"failing":false,"failureDetails":[],"failureMessages":[],"fullName":"Wishlist – item list shows item count in header","invocations":1,"location":null,"numPassingAsserts":1,"retryReasons":[],"startAt":1776331502697,"status":"passed","title":"shows item count in header"},{"ancestorTitles":["Wishlist – item list"],"duration":16,"failing":false,"failureDetails":[],"failureMessages":[],"fullName":"Wishlist – item list shows singular \"item\" for single entry","invocations":1,"location":null,"numPassingAsserts":1,"retryReasons":[],"startAt":1776331502722,"status":"passed","title":"shows singular \"item\" for single entry"},{"ancestorTitles":["Wishlist – item list"],"duration":23,"failing":false,"failureDetails":[],"failureMessages":[],"fullName":"Wishlist – item list renders item prices","invocations":1,"location":null,"numPassingAsserts":2,"retryReasons":[],"startAt":1776331502739,"status":"passed","title":"renders item prices"},{"ancestorTitles":["Wishlist – item list"],"duration":28,"failing":false,"failureDetails":[],"failureMessages":[],"fullName":"Wishlist – item list renders item volumes","invocations":1,"location":null,"numPassingAsserts":2,"retryReasons":[],"startAt":1776331502762,"status":"passed","title":"renders item volumes"},{"ancestorTitles":["Wishlist – item list"],"duration":25,"failing":false,"failureDetails":[],"failureMessages":[],"fullName":"Wishlist – item list renders an \"Add to Cart\" button per item","invocations":1,"location":null,"numPassingAsserts":1,"retryReasons":[],"startAt":1776331502790,"status":"passed","title":"renders an \"Add to Cart\" button per item"},{"ancestorTitles":["Wishlist – item list"],"duration":28,"failing":false,"failureDetails":[],"failureMessages":[],"fullName":"Wishlist – item list renders a remove (×) button per item","invocations":1,"location":null,"numPassingAsserts":1,"retryReasons":[],"startAt":1776331502815,"status":"passed","title":"renders a remove (×) button per item"},{"ancestorTitles":["Wishlist – interactions"],"duration":39,"failing":false,"failureDetails":[],"failureMessages":[],"fullName":"Wishlist – interactions clicking × calls toggleWishlist with the correct product","invocations":1,"location":null,"numPassingAsserts":1,"retryReasons":[],"startAt":1776331502844,"status":"passed","title":"clicking × calls toggleWishlist with the correct product"},{"ancestorTitles":["Wishlist – interactions"],"duration":38,"failing":false,"failureDetails":[],"failureMessages":[],"fullName":"Wishlist – interactions clicking × on second item passes correct product","invocations":1,"location":null,"numPassingAsserts":1,"retryReasons":[],"startAt":1776331502883,"status":"passed","title":"clicking × on second item passes correct product"},{"ancestorTitles":["Wishlist – interactions"],"duration":20,"failing":false,"failureDetails":[],"failureMessages":[],"fullName":"Wishlist – interactions clicking \"Add to Cart\" calls addToCart","invocations":1,"location":null,"numPassingAsserts":1,"retryReasons":[],"startAt":1776331502921,"status":"passed","title":"clicking \"Add to Cart\" calls addToCart"},{"ancestorTitles":["Wishlist – interactions"],"duration":24,"failing":false,"failureDetails":[],"failureMessages":[],"fullName":"Wishlist – interactions \"Add to Cart\" calls addToCart with normalised product fields","invocations":1,"location":null,"numPassingAsserts":1,"retryReasons":[],"startAt":1776331502942,"status":"passed","title":"\"Add to Cart\" calls addToCart with normalised product fields"},{"ancestorTitles":["Wishlist – interactions"],"duration":19,"failing":false,"failureDetails":[],"failureMessages":[],"fullName":"Wishlist – interactions \"Add to Cart\" also removes item from wishlist (move-to-cart)","invocations":1,"location":null,"numPassingAsserts":2,"retryReasons":[],"startAt":1776331502967,"status":"passed","title":"\"Add to Cart\" also removes item from wishlist (move-to-cart)"}],"endTime":1776331502988,"message":"","name":"F:\\Coding\\Aliyan Website\\perfume-website\\src\\__tests__\\components\\Wishlist.test.jsx","startTime":1776331501804,"status":"passed","summary":""},{"assertionResults":[{"ancestorTitles":["ProductCard – rendering"],"duration":43,"failing":false,"failureDetails":[],"failureMessages":[],"fullName":"ProductCard – rendering renders product name","invocations":1,"location":null,"numPassingAsserts":1,"retryReasons":[],"startAt":1776331503847,"status":"passed","title":"renders product name"},{"ancestorTitles":["ProductCard – rendering"],"duration":38,"failing":false,"failureDetails":[],"failureMessages":[],"fullName":"ProductCard – rendering renders formatted price with Rs prefix","invocations":1,"location":null,"numPassingAsserts":1,"retryReasons":[],"startAt":1776331503891,"status":"passed","title":"renders formatted price with Rs prefix"},{"ancestorTitles":["ProductCard – rendering"],"duration":31,"failing":false,"failureDetails":[],"failureMessages":[],"fullName":"ProductCard – rendering renders product volume","invocations":1,"location":null,"numPassingAsserts":1,"retryReasons":[],"startAt":1776331503930,"status":"passed","title":"renders product volume"},{"ancestorTitles":["ProductCard – rendering"],"duration":21,"failing":false,"failureDetails":[],"failureMessages":[],"fullName":"ProductCard – rendering renders image with correct alt text","invocations":1,"location":null,"numPassingAsserts":1,"retryReasons":[],"startAt":1776331503961,"status":"passed","title":"renders image with correct alt text"},{"ancestorTitles":["ProductCard – rendering"],"duration":39,"failing":false,"failureDetails":[],"failureMessages":[],"fullName":"ProductCard – rendering falls back to placeholder image when no imageUrl","invocations":1,"location":null,"numPassingAsserts":1,"retryReasons":[],"startAt":1776331503982,"status":"passed","title":"falls back to placeholder image when no imageUrl"},{"ancestorTitles":["ProductCard – rendering"],"duration":40,"failing":false,"failureDetails":[],"failureMessages":[],"fullName":"ProductCard – rendering wraps card in a link to the product detail page","invocations":1,"location":null,"numPassingAsserts":1,"retryReasons":[],"startAt":1776331504021,"status":"passed","title":"wraps card in a link to the product detail page"},{"ancestorTitles":["ProductCard – rendering"],"duration":18,"failing":false,"failureDetails":[],"failureMessages":[],"fullName":"ProductCard – rendering renders review count when reviews > 0","invocations":1,"location":null,"numPassingAsserts":1,"retryReasons":[],"startAt":1776331504061,"status":"passed","title":"renders review count when reviews > 0"},{"ancestorTitles":["ProductCard – rendering"],"duration":21,"failing":false,"failureDetails":[],"failureMessages":[],"fullName":"ProductCard – rendering hides review count when reviews is 0","invocations":1,"location":null,"numPassingAsserts":1,"retryReasons":[],"startAt":1776331504079,"status":"passed","title":"hides review count when reviews is 0"},{"ancestorTitles":["ProductCard – auth-aware cart button"],"duration":22,"failing":false,"failureDetails":[],"failureMessages":[],"fullName":"ProductCard – auth-aware cart button shows \"Sign In to Buy\" when user is not logged in","invocations":1,"location":null,"numPassingAsserts":1,"retryReasons":[],"startAt":1776331504101,"status":"passed","title":"shows \"Sign In to Buy\" when user is not logged in"},{"ancestorTitles":["ProductCard – auth-aware cart button"],"duration":28,"failing":false,"failureDetails":[],"failureMessages":[],"fullName":"ProductCard – auth-aware cart button shows \"Add to Cart\" when user is logged in","invocations":1,"location":null,"numPassingAsserts":1,"retryReasons":[],"startAt":1776331504124,"status":"passed","title":"shows \"Add to Cart\" when user is logged in"},{"ancestorTitles":["ProductCard – auth-aware cart button"],"duration":27,"failing":false,"failureDetails":[],"failureMessages":[],"fullName":"ProductCard – auth-aware cart button shows \"Sign In to Buy\" during loading (no user yet)","invocations":1,"location":null,"numPassingAsserts":1,"retryReasons":[],"startAt":1776331504153,"status":"passed","title":"shows \"Sign In to Buy\" during loading (no user yet)"},{"ancestorTitles":["ProductCard – wishlist state"],"duration":21,"failing":false,"failureDetails":[],"failureMessages":[],"fullName":"ProductCard – wishlist state wishlist button shows \"Add to wishlist\" title when not wishlisted","invocations":1,"location":null,"numPassingAsserts":1,"retryReasons":[],"startAt":1776331504181,"status":"passed","title":"wishlist button shows \"Add to wishlist\" title when not wishlisted"},{"ancestorTitles":["ProductCard – wishlist state"],"duration":14,"failing":false,"failureDetails":[],"failureMessages":[],"fullName":"ProductCard – wishlist state wishlist button shows \"Remove from wishlist\" title when wishlisted","invocations":1,"location":null,"numPassingAsserts":1,"retryReasons":[],"startAt":1776331504202,"status":"passed","title":"wishlist button shows \"Remove from wishlist\" title when wishlisted"},{"ancestorTitles":["ProductCard – wishlist state"],"duration":21,"failing":false,"failureDetails":[],"failureMessages":[],"fullName":"ProductCard – wishlist state wishlisted button has gold background class","invocations":1,"location":null,"numPassingAsserts":1,"retryReasons":[],"startAt":1776331504217,"status":"passed","title":"wishlisted button has gold background class"},{"ancestorTitles":["ProductCard – wishlist state"],"duration":16,"failing":false,"failureDetails":[],"failureMessages":[],"fullName":"ProductCard – wishlist state non-wishlisted button does NOT have gold background","invocations":1,"location":null,"numPassingAsserts":1,"retryReasons":[],"startAt":1776331504238,"status":"passed","title":"non-wishlisted button does NOT have gold background"},{"ancestorTitles":["ProductCard – interactions"],"duration":18,"failing":false,"failureDetails":[],"failureMessages":[],"fullName":"ProductCard – interactions clicking Add to Cart button calls addToCart with product data","invocations":1,"location":null,"numPassingAsserts":1,"retryReasons":[],"startAt":1776331504255,"status":"passed","title":"clicking Add to Cart button calls addToCart with product data"},{"ancestorTitles":["ProductCard – interactions"],"duration":14,"failing":false,"failureDetails":[],"failureMessages":[],"fullName":"ProductCard – interactions clicking wishlist button calls toggleWishlist with product data","invocations":1,"location":null,"numPassingAsserts":1,"retryReasons":[],"startAt":1776331504274,"status":"passed","title":"clicking wishlist button calls toggleWishlist with product data"},{"ancestorTitles":["ProductCard – interactions"],"duration":15,"failing":false,"failureDetails":[],"failureMessages":[],"fullName":"ProductCard – interactions Add to Cart click does not navigate (preventDefault called)","invocations":1,"location":null,"numPassingAsserts":1,"retryReasons":[],"startAt":1776331504288,"status":"passed","title":"Add to Cart click does not navigate (preventDefault called)"}],"endTime":1776331504305,"message":"","name":"F:\\Coding\\Aliyan Website\\perfume-website\\src\\__tests__\\components\\ProductCard.test.jsx","startTime":1776331503023,"status":"passed","summary":""},{"assertionResults":[{"ancestorTitles":["Sign-in form validation"],"duration":3,"failing":false,"failureDetails":[],"failureMessages":[],"fullName":"Sign-in form validation passes with valid email and password","invocations":1,"location":null,"numPassingAsserts":1,"retryReasons":[],"startAt":1776331504796,"status":"passed","title":"passes with valid email and password"},{"ancestorTitles":["Sign-in form validation"],"duration":1,"failing":false,"failureDetails":[],"failureMessages":[],"fullName":"Sign-in form validation fails when email is empty","invocations":1,"location":null,"numPassingAsserts":1,"retryReasons":[],"startAt":1776331504800,"status":"passed","title":"fails when email is empty"},{"ancestorTitles":["Sign-in form validation"],"duration":1,"failing":false,"failureDetails":[],"failureMessages":[],"fullName":"Sign-in form validation fails when email is whitespace only","invocations":1,"location":null,"numPassingAsserts":1,"retryReasons":[],"startAt":1776331504801,"status":"passed","title":"fails when email is whitespace only"},{"ancestorTitles":["Sign-in form validation"],"duration":1,"failing":false,"failureDetails":[],"failureMessages":[],"fullName":"Sign-in form validation fails with invalid email — missing @","invocations":1,"location":null,"numPassingAsserts":1,"retryReasons":[],"startAt":1776331504803,"status":"passed","title":"fails with invalid email — missing @"},{"ancestorTitles":["Sign-in form validation"],"duration":1,"failing":false,"failureDetails":[],"failureMessages":[],"fullName":"Sign-in form validation fails with invalid email — missing domain","invocations":1,"location":null,"numPassingAsserts":1,"retryReasons":[],"startAt":1776331504804,"status":"passed","title":"fails with invalid email — missing domain"},{"ancestorTitles":["Sign-in form validation"],"duration":1,"failing":false,"failureDetails":[],"failureMessages":[],"fullName":"Sign-in form validation fails with invalid email — missing TLD","invocations":1,"location":null,"numPassingAsserts":1,"retryReasons":[],"startAt":1776331504805,"status":"passed","title":"fails with invalid email — missing TLD"},{"ancestorTitles":["Sign-in form validation"],"duration":1,"failing":false,"failureDetails":[],"failureMessages":[],"fullName":"Sign-in form validation passes with valid email formats","invocations":1,"location":null,"numPassingAsserts":3,"retryReasons":[],"startAt":1776331504807,"status":"passed","title":"passes with valid email formats"},{"ancestorTitles":["Sign-in form validation"],"duration":1,"failing":false,"failureDetails":[],"failureMessages":[],"fullName":"Sign-in form validation fails when password is empty","invocations":1,"location":null,"numPassingAsserts":1,"retryReasons":[],"startAt":1776331504809,"status":"passed","title":"fails when password is empty"},{"ancestorTitles":["Sign-in form validation"],"duration":1,"failing":false,"failureDetails":[],"failureMessages":[],"fullName":"Sign-in form validation fails when password is shorter than 6 chars","invocations":1,"location":null,"numPassingAsserts":1,"retryReasons":[],"startAt":1776331504810,"status":"passed","title":"fails when password is shorter than 6 chars"},{"ancestorTitles":["Sign-in form validation"],"duration":1,"failing":false,"failureDetails":[],"failureMessages":[],"fullName":"Sign-in form validation exactly 6 char password passes","invocations":1,"location":null,"numPassingAsserts":1,"retryReasons":[],"startAt":1776331504812,"status":"passed","title":"exactly 6 char password passes"},{"ancestorTitles":["Sign-in form validation"],"duration":2,"failing":false,"failureDetails":[],"failureMessages":[],"fullName":"Sign-in form validation returns multiple errors when both fields are invalid","invocations":1,"location":null,"numPassingAsserts":1,"retryReasons":[],"startAt":1776331504814,"status":"passed","title":"returns multiple errors when both fields are invalid"},{"ancestorTitles":["Sign-in form validation"],"duration":1,"failing":false,"failureDetails":[],"failureMessages":[],"fullName":"Sign-in form validation does NOT require name in sign-in mode","invocations":1,"location":null,"numPassingAsserts":1,"retryReasons":[],"startAt":1776331504816,"status":"passed","title":"does NOT require name in sign-in mode"},{"ancestorTitles":["Sign-up form validation"],"duration":2,"failing":false,"failureDetails":[],"failureMessages":[],"fullName":"Sign-up form validation passes with all valid fields","invocations":1,"location":null,"numPassingAsserts":1,"retryReasons":[],"startAt":1776331504817,"status":"passed","title":"passes with all valid fields"},{"ancestorTitles":["Sign-up form validation"],"duration":1,"failing":false,"failureDetails":[],"failureMessages":[],"fullName":"Sign-up form validation fails when name is empty","invocations":1,"location":null,"numPassingAsserts":1,"retryReasons":[],"startAt":1776331504819,"status":"passed","title":"fails when name is empty"},{"ancestorTitles":["Sign-up form validation"],"duration":1,"failing":false,"failureDetails":[],"failureMessages":[],"fullName":"Sign-up form validation fails when name is whitespace only","invocations":1,"location":null,"numPassingAsserts":1,"retryReasons":[],"startAt":1776331504820,"status":"passed","title":"fails when name is whitespace only"},{"ancestorTitles":["Sign-up form validation"],"duration":1,"failing":false,"failureDetails":[],"failureMessages":[],"fullName":"Sign-up form validation fails when email is invalid in sign-up mode","invocations":1,"location":null,"numPassingAsserts":1,"retryReasons":[],"startAt":1776331504821,"status":"passed","title":"fails when email is invalid in sign-up mode"},{"ancestorTitles":["Sign-up form validation"],"duration":1,"failing":false,"failureDetails":[],"failureMessages":[],"fullName":"Sign-up form validation fails when password too short in sign-up","invocations":1,"location":null,"numPassingAsserts":1,"retryReasons":[],"startAt":1776331504822,"status":"passed","title":"fails when password too short in sign-up"},{"ancestorTitles":["Sign-up form validation"],"duration":2,"failing":false,"failureDetails":[],"failureMessages":[],"fullName":"Sign-up form validation can return all three errors simultaneously","invocations":1,"location":null,"numPassingAsserts":4,"retryReasons":[],"startAt":1776331504823,"status":"passed","title":"can return all three errors simultaneously"},{"ancestorTitles":["Checkout form validation"],"duration":1,"failing":false,"failureDetails":[],"failureMessages":[],"fullName":"Checkout form validation passes with all required fields filled","invocations":1,"location":null,"numPassingAsserts":1,"retryReasons":[],"startAt":1776331504826,"status":"passed","title":"passes with all required fields filled"},{"ancestorTitles":["Checkout form validation"],"duration":1,"failing":false,"failureDetails":[],"failureMessages":[],"fullName":"Checkout form validation fails when name is missing","invocations":1,"location":null,"numPassingAsserts":1,"retryReasons":[],"startAt":1776331504827,"status":"passed","title":"fails when name is missing"},{"ancestorTitles":["Checkout form validation"],"duration":1,"failing":false,"failureDetails":[],"failureMessages":[],"fullName":"Checkout form validation fails when name is whitespace only","invocations":1,"location":null,"numPassingAsserts":1,"retryReasons":[],"startAt":1776331504829,"status":"passed","title":"fails when name is whitespace only"},{"ancestorTitles":["Checkout form validation"],"duration":1,"failing":false,"failureDetails":[],"failureMessages":[],"fullName":"Checkout form validation fails when phone is missing","invocations":1,"location":null,"numPassingAsserts":1,"retryReasons":[],"startAt":1776331504830,"status":"passed","title":"fails when phone is missing"},{"ancestorTitles":["Checkout form validation"],"duration":1,"failing":false,"failureDetails":[],"failureMessages":[],"fullName":"Checkout form validation fails when address is missing","invocations":1,"location":null,"numPassingAsserts":1,"retryReasons":[],"startAt":1776331504831,"status":"passed","title":"fails when address is missing"},{"ancestorTitles":["Checkout form validation"],"duration":1,"failing":false,"failureDetails":[],"failureMessages":[],"fullName":"Checkout form validation fails when city is missing","invocations":1,"location":null,"numPassingAsserts":1,"retryReasons":[],"startAt":1776331504833,"status":"passed","title":"fails when city is missing"},{"ancestorTitles":["Checkout form validation"],"duration":1,"failing":false,"failureDetails":[],"failureMessages":[],"fullName":"Checkout form validation email is optional — empty string passes","invocations":1,"location":null,"numPassingAsserts":1,"retryReasons":[],"startAt":1776331504834,"status":"passed","title":"email is optional — empty string passes"},{"ancestorTitles":["Checkout form validation"],"duration":1,"failing":false,"failureDetails":[],"failureMessages":[],"fullName":"Checkout form validation validates email format if email is provided","invocations":1,"location":null,"numPassingAsserts":1,"retryReasons":[],"startAt":1776331504835,"status":"passed","title":"validates email format if email is provided"},{"ancestorTitles":["Checkout form validation"],"duration":1,"failing":false,"failureDetails":[],"failureMessages":[],"fullName":"Checkout form validation valid optional email passes","invocations":1,"location":null,"numPassingAsserts":1,"retryReasons":[],"startAt":1776331504837,"status":"passed","title":"valid optional email passes"},{"ancestorTitles":["Checkout form validation"],"duration":1,"failing":false,"failureDetails":[],"failureMessages":[],"fullName":"Checkout form validation notes field is always optional","invocations":1,"location":null,"numPassingAsserts":1,"retryReasons":[],"startAt":1776331504838,"status":"passed","title":"notes field is always optional"},{"ancestorTitles":["Checkout form validation"],"duration":3,"failing":false,"failureDetails":[],"failureMessages":[],"fullName":"Checkout form validation returns all 4 required-field errors when form is completely empty","invocations":1,"location":null,"numPassingAsserts":5,"retryReasons":[],"startAt":1776331504839,"status":"passed","title":"returns all 4 required-field errors when form is completely empty"}],"endTime":1776331504845,"message":"","name":"F:\\Coding\\Aliyan Website\\perfume-website\\src\\__tests__\\logic\\validation.test.js","startTime":1776331504345,"status":"passed","summary":""},{"assertionResults":[{"ancestorTitles":["Cart – Subtotal calculation"],"duration":3,"failing":false,"failureDetails":[],"failureMessages":[],"fullName":"Cart – Subtotal calculation empty cart returns 0","invocations":1,"location":null,"numPassingAsserts":1,"retryReasons":[],"startAt":1776331505339,"status":"passed","title":"empty cart returns 0"},{"ancestorTitles":["Cart – Subtotal calculation"],"duration":1,"failing":false,"failureDetails":[],"failureMessages":[],"fullName":"Cart – Subtotal calculation single item: price × quantity","invocations":1,"location":null,"numPassingAsserts":1,"retryReasons":[],"startAt":1776331505343,"status":"passed","title":"single item: price × quantity"},{"ancestorTitles":["Cart – Subtotal calculation"],"duration":1,"failing":false,"failureDetails":[],"failureMessages":[],"fullName":"Cart – Subtotal calculation multiple items are summed correctly","invocations":1,"location":null,"numPassingAsserts":1,"retryReasons":[],"startAt":1776331505344,"status":"passed","title":"multiple items are summed correctly"},{"ancestorTitles":["Cart – Subtotal calculation"],"duration":1,"failing":false,"failureDetails":[],"failureMessages":[],"fullName":"Cart – Subtotal calculation works with numeric price (not just strings)","invocations":1,"location":null,"numPassingAsserts":1,"retryReasons":[],"startAt":1776331505346,"status":"passed","title":"works with numeric price (not just strings)"},{"ancestorTitles":["Cart – Subtotal calculation"],"duration":1,"failing":false,"failureDetails":[],"failureMessages":[],"fullName":"Cart – Subtotal calculation quantity of 1 returns item price","invocations":1,"location":null,"numPassingAsserts":1,"retryReasons":[],"startAt":1776331505347,"status":"passed","title":"quantity of 1 returns item price"},{"ancestorTitles":["Cart – Shipping fee"],"duration":1,"failing":false,"failureDetails":[],"failureMessages":[],"fullName":"Cart – Shipping fee charges Rs 200 when subtotal is below threshold","invocations":1,"location":null,"numPassingAsserts":1,"retryReasons":[],"startAt":1776331505348,"status":"passed","title":"charges Rs 200 when subtotal is below threshold"},{"ancestorTitles":["Cart – Shipping fee"],"duration":0,"failing":false,"failureDetails":[],"failureMessages":[],"fullName":"Cart – Shipping fee free shipping at exactly Rs 2000 (threshold)","invocations":1,"location":null,"numPassingAsserts":1,"retryReasons":[],"startAt":1776331505350,"status":"passed","title":"free shipping at exactly Rs 2000 (threshold)"},{"ancestorTitles":["Cart – Shipping fee"],"duration":0,"failing":false,"failureDetails":[],"failureMessages":[],"fullName":"Cart – Shipping fee free shipping above threshold","invocations":1,"location":null,"numPassingAsserts":1,"retryReasons":[],"startAt":1776331505351,"status":"passed","title":"free shipping above threshold"},{"ancestorTitles":["Cart – Shipping fee"],"duration":1,"failing":false,"failureDetails":[],"failureMessages":[],"fullName":"Cart – Shipping fee charges shipping on empty cart (subtotal 0)","invocations":1,"location":null,"numPassingAsserts":1,"retryReasons":[],"startAt":1776331505352,"status":"passed","title":"charges shipping on empty cart (subtotal 0)"},{"ancestorTitles":["Cart – Shipping fee"],"duration":1,"failing":false,"failureDetails":[],"failureMessages":[],"fullName":"Cart – Shipping fee just below threshold still has shipping fee","invocations":1,"location":null,"numPassingAsserts":1,"retryReasons":[],"startAt":1776331505353,"status":"passed","title":"just below threshold still has shipping fee"},{"ancestorTitles":["Cart – Discount calculation"],"duration":1,"failing":false,"failureDetails":[],"failureMessages":[],"fullName":"Cart – Discount calculation WELCOME20 gives 20% off","invocations":1,"location":null,"numPassingAsserts":1,"retryReasons":[],"startAt":1776331505355,"status":"passed","title":"WELCOME20 gives 20% off"},{"ancestorTitles":["Cart – Discount calculation"],"duration":1,"failing":false,"failureDetails":[],"failureMessages":[],"fullName":"Cart – Discount calculation SAVE10 gives 10% off","invocations":1,"location":null,"numPassingAsserts":1,"retryReasons":[],"startAt":1776331505356,"status":"passed","title":"SAVE10 gives 10% off"},{"ancestorTitles":["Cart – Discount calculation"],"duration":5,"failing":false,"failureDetails":[],"failureMessages":[],"fullName":"Cart – Discount calculation ASFF15 gives 15% off","invocations":1,"location":null,"numPassingAsserts":1,"retryReasons":[],"startAt":1776331505357,"status":"passed","title":"ASFF15 gives 15% off"},{"ancestorTitles":["Cart – Discount calculation"],"duration":1,"failing":false,"failureDetails":[],"failureMessages":[],"fullName":"Cart – Discount calculation no coupon (null) returns 0 discount","invocations":1,"location":null,"numPassingAsserts":1,"retryReasons":[],"startAt":1776331505362,"status":"passed","title":"no coupon (null) returns 0 discount"},{"ancestorTitles":["Cart – Discount calculation"],"duration":1,"failing":false,"failureDetails":[],"failureMessages":[],"fullName":"Cart – Discount calculation unknown coupon key returns 0 discount","invocations":1,"location":null,"numPassingAsserts":1,"retryReasons":[],"startAt":1776331505364,"status":"passed","title":"unknown coupon key returns 0 discount"},{"ancestorTitles":["Cart – Discount calculation"],"duration":1,"failing":false,"failureDetails":[],"failureMessages":[],"fullName":"Cart – Discount calculation discount rounds fractional paise to nearest integer","invocations":1,"location":null,"numPassingAsserts":1,"retryReasons":[],"startAt":1776331505365,"status":"passed","title":"discount rounds fractional paise to nearest integer"},{"ancestorTitles":["Cart – Discount calculation"],"duration":2,"failing":false,"failureDetails":[],"failureMessages":[],"fullName":"Cart – Discount calculation discount scales with subtotal","invocations":1,"location":null,"numPassingAsserts":1,"retryReasons":[],"startAt":1776331505366,"status":"passed","title":"discount scales with subtotal"},{"ancestorTitles":["Cart – Total calculation"],"duration":2,"failing":false,"failureDetails":[],"failureMessages":[],"fullName":"Cart – Total calculation total = subtotal + shipping (no coupon, below threshold)","invocations":1,"location":null,"numPassingAsserts":1,"retryReasons":[],"startAt":1776331505368,"status":"passed","title":"total = subtotal + shipping (no coupon, below threshold)"},{"ancestorTitles":["Cart – Total calculation"],"duration":0,"failing":false,"failureDetails":[],"failureMessages":[],"fullName":"Cart – Total calculation total with free shipping (above threshold)","invocations":1,"location":null,"numPassingAsserts":1,"retryReasons":[],"startAt":1776331505370,"status":"passed","title":"total with free shipping (above threshold)"},{"ancestorTitles":["Cart – Total calculation"],"duration":0,"failing":false,"failureDetails":[],"failureMessages":[],"fullName":"Cart – Total calculation total with coupon discount applied","invocations":1,"location":null,"numPassingAsserts":1,"retryReasons":[],"startAt":1776331505371,"status":"passed","title":"total with coupon discount applied"},{"ancestorTitles":["Cart – Total calculation"],"duration":1,"failing":false,"failureDetails":[],"failureMessages":[],"fullName":"Cart – Total calculation total with free shipping AND coupon","invocations":1,"location":null,"numPassingAsserts":1,"retryReasons":[],"startAt":1776331505371,"status":"passed","title":"total with free shipping AND coupon"},{"ancestorTitles":["Cart – Total calculation"],"duration":2,"failing":false,"failureDetails":[],"failureMessages":[],"fullName":"Cart – Total calculation full workflow: 2 items, SAVE10, below threshold","invocations":1,"location":null,"numPassingAsserts":4,"retryReasons":[],"startAt":1776331505372,"status":"passed","title":"full workflow: 2 items, SAVE10, below threshold"},{"ancestorTitles":["Cart – Total calculation"],"duration":1,"failing":false,"failureDetails":[],"failureMessages":[],"fullName":"Cart – Total calculation full workflow: cart reaches free-shipping threshold with WELCOME20","invocations":1,"location":null,"numPassingAsserts":1,"retryReasons":[],"startAt":1776331505374,"status":"passed","title":"full workflow: cart reaches free-shipping threshold with WELCOME20"},{"ancestorTitles":["Coupon code validation"],"duration":1,"failing":false,"failureDetails":[],"failureMessages":[],"fullName":"Coupon code validation WELCOME20 is valid","invocations":1,"location":null,"numPassingAsserts":1,"retryReasons":[],"startAt":1776331505376,"status":"passed","title":"WELCOME20 is valid"},{"ancestorTitles":["Coupon code validation"],"duration":1,"failing":false,"failureDetails":[],"failureMessages":[],"fullName":"Coupon code validation SAVE10 is valid","invocations":1,"location":null,"numPassingAsserts":1,"retryReasons":[],"startAt":1776331505378,"status":"passed","title":"SAVE10 is valid"},{"ancestorTitles":["Coupon code validation"],"duration":1,"failing":false,"failureDetails":[],"failureMessages":[],"fullName":"Coupon code validation ASFF15 is valid","invocations":1,"location":null,"numPassingAsserts":1,"retryReasons":[],"startAt":1776331505379,"status":"passed","title":"ASFF15 is valid"},{"ancestorTitles":["Coupon code validation"],"duration":1,"failing":false,"failureDetails":[],"failureMessages":[],"fullName":"Coupon code validation accepts lowercase input (case-insensitive)","invocations":1,"location":null,"numPassingAsserts":2,"retryReasons":[],"startAt":1776331505381,"status":"passed","title":"accepts lowercase input (case-insensitive)"},{"ancestorTitles":["Coupon code validation"],"duration":1,"failing":false,"failureDetails":[],"failureMessages":[],"fullName":"Coupon code validation accepts mixed-case input","invocations":1,"location":null,"numPassingAsserts":1,"retryReasons":[],"startAt":1776331505382,"status":"passed","title":"accepts mixed-case input"},{"ancestorTitles":["Coupon code validation"],"duration":1,"failing":false,"failureDetails":[],"failureMessages":[],"fullName":"Coupon code validation trims whitespace around code","invocations":1,"location":null,"numPassingAsserts":1,"retryReasons":[],"startAt":1776331505383,"status":"passed","title":"trims whitespace around code"},{"ancestorTitles":["Coupon code validation"],"duration":2,"failing":false,"failureDetails":[],"failureMessages":[],"fullName":"Coupon code validation unknown code returns invalid with error message","invocations":1,"location":null,"numPassingAsserts":1,"retryReasons":[],"startAt":1776331505384,"status":"passed","title":"unknown code returns invalid with error message"},{"ancestorTitles":["Coupon code validation"],"duration":1,"failing":false,"failureDetails":[],"failureMessages":[],"fullName":"Coupon code validation empty string returns invalid","invocations":1,"location":null,"numPassingAsserts":1,"retryReasons":[],"startAt":1776331505386,"status":"passed","title":"empty string returns invalid"},{"ancestorTitles":["Coupon code validation"],"duration":1,"failing":false,"failureDetails":[],"failureMessages":[],"fullName":"Coupon code validation whitespace-only string returns invalid","invocations":1,"location":null,"numPassingAsserts":1,"retryReasons":[],"startAt":1776331505387,"status":"passed","title":"whitespace-only string returns invalid"}],"endTime":1776331505391,"message":"","name":"F:\\Coding\\Aliyan Website\\perfume-website\\src\\__tests__\\logic\\cartLogic.test.js","startTime":1776331504932,"status":"passed","summary":""}],"wasInterrupted":false}
